2025/06/02 00:12:16 [INFO] Start loading data
2025/06/02 00:12:16 [INFO] Start training CNN
2025/06/02 00:12:37 [INFO] Epoch [1/30] - Train Loss: 3.1247 | Val Loss: 2.3205 | Val Accuracy: 41.65%
2025/06/02 00:12:37 [INFO] Saved new best model at epoch 1 with accuracy 41.65%
2025/06/02 00:12:58 [INFO] Epoch [2/30] - Train Loss: 2.0668 | Val Loss: 1.7209 | Val Accuracy: 55.64%
2025/06/02 00:12:58 [INFO] Saved new best model at epoch 2 with accuracy 55.64%
2025/06/02 00:13:19 [INFO] Epoch [3/30] - Train Loss: 1.5583 | Val Loss: 1.5029 | Val Accuracy: 59.60%
2025/06/02 00:13:19 [INFO] Saved new best model at epoch 3 with accuracy 59.60%
2025/06/02 00:13:40 [INFO] Epoch [4/30] - Train Loss: 1.2931 | Val Loss: 1.3429 | Val Accuracy: 65.24%
2025/06/02 00:13:40 [INFO] Saved new best model at epoch 4 with accuracy 65.24%
2025/06/02 00:14:01 [INFO] Epoch [5/30] - Train Loss: 1.0796 | Val Loss: 1.2893 | Val Accuracy: 65.14%
2025/06/02 00:14:22 [INFO] Epoch [6/30] - Train Loss: 0.9309 | Val Loss: 1.2116 | Val Accuracy: 66.70%
2025/06/02 00:14:22 [INFO] Saved new best model at epoch 6 with accuracy 66.70%
2025/06/02 00:14:43 [INFO] Epoch [7/30] - Train Loss: 0.7975 | Val Loss: 1.2169 | Val Accuracy: 66.08%
2025/06/02 00:15:05 [INFO] Epoch [8/30] - Train Loss: 0.6764 | Val Loss: 1.1319 | Val Accuracy: 69.31%
2025/06/02 00:15:05 [INFO] Saved new best model at epoch 8 with accuracy 69.31%
2025/06/02 00:15:26 [INFO] Epoch [9/30] - Train Loss: 0.5744 | Val Loss: 1.1317 | Val Accuracy: 67.75%
2025/06/02 00:15:47 [INFO] Epoch [10/30] - Train Loss: 0.5127 | Val Loss: 1.1357 | Val Accuracy: 68.27%
2025/06/02 00:16:08 [INFO] Epoch [11/30] - Train Loss: 0.4321 | Val Loss: 1.1091 | Val Accuracy: 70.25%
2025/06/02 00:16:08 [INFO] Saved new best model at epoch 11 with accuracy 70.25%
2025/06/02 00:16:28 [INFO] Epoch [12/30] - Train Loss: 0.3932 | Val Loss: 1.0959 | Val Accuracy: 70.04%
2025/06/02 00:16:49 [INFO] Epoch [13/30] - Train Loss: 0.3259 | Val Loss: 1.1155 | Val Accuracy: 68.68%
2025/06/02 00:17:10 [INFO] Epoch [14/30] - Train Loss: 0.2941 | Val Loss: 1.1152 | Val Accuracy: 69.62%
2025/06/02 00:17:31 [INFO] Epoch [15/30] - Train Loss: 0.2450 | Val Loss: 1.1126 | Val Accuracy: 70.56%
2025/06/02 00:17:31 [INFO] Saved new best model at epoch 15 with accuracy 70.56%
2025/06/02 00:17:52 [INFO] Epoch [16/30] - Train Loss: 0.2256 | Val Loss: 1.1119 | Val Accuracy: 70.35%
2025/06/02 00:18:12 [INFO] Epoch [17/30] - Train Loss: 0.2042 | Val Loss: 1.1158 | Val Accuracy: 69.52%
2025/06/02 00:18:33 [INFO] Epoch [18/30] - Train Loss: 0.1612 | Val Loss: 1.1388 | Val Accuracy: 69.62%
2025/06/02 00:18:55 [INFO] Epoch [19/30] - Train Loss: 0.1671 | Val Loss: 1.1301 | Val Accuracy: 70.56%
2025/06/02 00:19:16 [INFO] Epoch [20/30] - Train Loss: 0.1402 | Val Loss: 1.2115 | Val Accuracy: 68.48%
2025/06/02 00:19:36 [INFO] Epoch [21/30] - Train Loss: 0.1315 | Val Loss: 1.1680 | Val Accuracy: 70.35%
2025/06/02 00:19:57 [INFO] Epoch [22/30] - Train Loss: 0.1067 | Val Loss: 1.1380 | Val Accuracy: 69.83%
2025/06/02 00:20:18 [INFO] Epoch [23/30] - Train Loss: 0.1119 | Val Loss: 1.1718 | Val Accuracy: 70.25%
2025/06/02 00:20:39 [INFO] Epoch [24/30] - Train Loss: 0.1071 | Val Loss: 1.1948 | Val Accuracy: 69.52%
2025/06/02 00:21:00 [INFO] Epoch [25/30] - Train Loss: 0.0990 | Val Loss: 1.2726 | Val Accuracy: 69.21%
2025/06/02 00:21:22 [INFO] Epoch [26/30] - Train Loss: 0.0949 | Val Loss: 1.2259 | Val Accuracy: 67.85%
2025/06/02 00:21:44 [INFO] Epoch [27/30] - Train Loss: 0.0849 | Val Loss: 1.2379 | Val Accuracy: 69.00%
2025/06/02 00:22:05 [INFO] Epoch [28/30] - Train Loss: 0.0800 | Val Loss: 1.1926 | Val Accuracy: 69.73%
2025/06/02 00:22:26 [INFO] Epoch [29/30] - Train Loss: 0.0784 | Val Loss: 1.2204 | Val Accuracy: 69.31%
2025/06/02 00:22:47 [INFO] Epoch [30/30] - Train Loss: 0.0692 | Val Loss: 1.2455 | Val Accuracy: 69.42%
2025/06/02 00:22:47 [INFO] Best Accuracy: 70.5637
2025/06/02 00:22:49 [INFO] Accuracy for testdata is 41.7582
