2025/06/02 00:34:30 [INFO] Loading dataset...
2025/06/02 00:34:33 [INFO] Loading KenLM language model...
2025/06/02 00:40:23 [INFO] Epoch 1, Train Loss: 2.2538
2025/06/02 00:40:23 [INFO] [GT     ] a
[Beam+LM] a

2025/06/02 00:40:23 [INFO] [GT     ] ,
[Beam+LM] ,

2025/06/02 00:40:23 [INFO] [GT     ] industry
[Beam+LM] indstiy

2025/06/02 00:40:23 [INFO] [GT     ] degre
[Beam+LM] sge

2025/06/02 00:40:23 [INFO] [GT     ] part
[Beam+LM] ptt

2025/06/02 00:40:23 [INFO] [GT     ] are
[Beam+LM] ae

2025/06/02 00:40:23 [INFO] [GT     ] parties
[Beam+LM] sstis

2025/06/02 00:40:23 [INFO] [GT     ] of
[Beam+LM] of

2025/06/02 00:40:23 [INFO] [GT     ] 
[Beam+LM] to

2025/06/02 00:40:23 [INFO] [GT     ] .
[Beam+LM] .

2025/06/02 00:40:43 [INFO] Test Loss: 1.4038, Test Accuracy (Exact Match): 29.00%
2025/06/02 00:40:43 [INFO] Saved best model at epoch 1 with loss 1.4038
2025/06/02 00:46:39 [INFO] Epoch 2, Train Loss: 1.1334
2025/06/02 00:46:40 [INFO] [GT     ] a
[Beam+LM] a

2025/06/02 00:46:40 [INFO] [GT     ] ,
[Beam+LM] ,

2025/06/02 00:46:40 [INFO] [GT     ] industry
[Beam+LM] indstry

2025/06/02 00:46:40 [INFO] [GT     ] degre
[Beam+LM] degee

2025/06/02 00:46:40 [INFO] [GT     ] part
[Beam+LM] past

2025/06/02 00:46:40 [INFO] [GT     ] are
[Beam+LM] are

2025/06/02 00:46:40 [INFO] [GT     ] parties
[Beam+LM] posties

2025/06/02 00:46:40 [INFO] [GT     ] of
[Beam+LM] of

2025/06/02 00:46:40 [INFO] [GT     ] 
[Beam+LM] to

2025/06/02 00:46:40 [INFO] [GT     ] .
[Beam+LM] .

2025/06/02 00:47:11 [INFO] Test Loss: 0.9302, Test Accuracy (Exact Match): 41.48%
2025/06/02 00:47:11 [INFO] Saved best model at epoch 2 with loss 0.9302
2025/06/02 00:54:02 [INFO] Epoch 3, Train Loss: 0.7962
2025/06/02 00:54:02 [INFO] [GT     ] a
[Beam+LM] a

2025/06/02 00:54:02 [INFO] [GT     ] ,
[Beam+LM] ,

2025/06/02 00:54:02 [INFO] [GT     ] industry
[Beam+LM] industory

2025/06/02 00:54:02 [INFO] [GT     ] degre
[Beam+LM] dlegee

2025/06/02 00:54:02 [INFO] [GT     ] part
[Beam+LM] past

2025/06/02 00:54:02 [INFO] [GT     ] are
[Beam+LM] are

2025/06/02 00:54:02 [INFO] [GT     ] parties
[Beam+LM] posties

2025/06/02 00:54:02 [INFO] [GT     ] of
[Beam+LM] of

2025/06/02 00:54:02 [INFO] [GT     ] 
[Beam+LM] Ho

2025/06/02 00:54:02 [INFO] [GT     ] .
[Beam+LM] .

2025/06/02 00:54:21 [INFO] Test Loss: 0.7999, Test Accuracy (Exact Match): 46.33%
2025/06/02 00:54:21 [INFO] Saved best model at epoch 3 with loss 0.7999
2025/06/02 01:00:05 [INFO] Epoch 4, Train Loss: 0.6180
2025/06/02 01:00:05 [INFO] [GT     ] a
[Beam+LM] a

2025/06/02 01:00:05 [INFO] [GT     ] ,
[Beam+LM] ,

2025/06/02 01:00:05 [INFO] [GT     ] industry
[Beam+LM] industry

2025/06/02 01:00:05 [INFO] [GT     ] degre
[Beam+LM] dlegee

2025/06/02 01:00:05 [INFO] [GT     ] part
[Beam+LM] part

2025/06/02 01:00:05 [INFO] [GT     ] are
[Beam+LM] are

2025/06/02 01:00:05 [INFO] [GT     ] parties
[Beam+LM] potiers

2025/06/02 01:00:05 [INFO] [GT     ] of
[Beam+LM] of

2025/06/02 01:00:05 [INFO] [GT     ] 
[Beam+LM] Ho

2025/06/02 01:00:05 [INFO] [GT     ] .
[Beam+LM] .

2025/06/02 01:00:24 [INFO] Test Loss: 0.6026, Test Accuracy (Exact Match): 54.14%
2025/06/02 01:00:24 [INFO] Saved best model at epoch 4 with loss 0.6026
2025/06/02 01:06:14 [INFO] Epoch 5, Train Loss: 0.5031
2025/06/02 01:06:14 [INFO] [GT     ] a
[Beam+LM] a

2025/06/02 01:06:14 [INFO] [GT     ] ,
[Beam+LM] "

2025/06/02 01:06:14 [INFO] [GT     ] industry
[Beam+LM] indsty

2025/06/02 01:06:14 [INFO] [GT     ] degre
[Beam+LM] dlgee

2025/06/02 01:06:14 [INFO] [GT     ] part
[Beam+LM] pat

2025/06/02 01:06:14 [INFO] [GT     ] are
[Beam+LM] are

2025/06/02 01:06:14 [INFO] [GT     ] parties
[Beam+LM] pties

2025/06/02 01:06:14 [INFO] [GT     ] of
[Beam+LM] b

2025/06/02 01:06:14 [INFO] [GT     ] 
[Beam+LM] H

2025/06/02 01:06:14 [INFO] [GT     ] .
[Beam+LM] .

2025/06/02 01:06:33 [INFO] Test Loss: 0.9186, Test Accuracy (Exact Match): 39.94%
2025/06/02 01:12:19 [INFO] Epoch 6, Train Loss: 0.4191
2025/06/02 01:12:19 [INFO] [GT     ] a
[Beam+LM] a

2025/06/02 01:12:19 [INFO] [GT     ] ,
[Beam+LM] ,

2025/06/02 01:12:19 [INFO] [GT     ] industry
[Beam+LM] industry

2025/06/02 01:12:19 [INFO] [GT     ] degre
[Beam+LM] dlegee

2025/06/02 01:12:19 [INFO] [GT     ] part
[Beam+LM] part

2025/06/02 01:12:19 [INFO] [GT     ] are
[Beam+LM] are

2025/06/02 01:12:19 [INFO] [GT     ] parties
[Beam+LM] posties

2025/06/02 01:12:19 [INFO] [GT     ] of
[Beam+LM] of

2025/06/02 01:12:19 [INFO] [GT     ] 
[Beam+LM] t

2025/06/02 01:12:19 [INFO] [GT     ] .
[Beam+LM] .

2025/06/02 01:12:38 [INFO] Test Loss: 0.4677, Test Accuracy (Exact Match): 59.88%
2025/06/02 01:12:38 [INFO] Saved best model at epoch 6 with loss 0.4677
2025/06/02 01:18:29 [INFO] Epoch 7, Train Loss: 0.3525
2025/06/02 01:18:29 [INFO] [GT     ] a
[Beam+LM] a

2025/06/02 01:18:29 [INFO] [GT     ] ,
[Beam+LM] ,

2025/06/02 01:18:29 [INFO] [GT     ] industry
[Beam+LM] industoy

2025/06/02 01:18:29 [INFO] [GT     ] degre
[Beam+LM] dlegee

2025/06/02 01:18:29 [INFO] [GT     ] part
[Beam+LM] part

2025/06/02 01:18:29 [INFO] [GT     ] are
[Beam+LM] are

2025/06/02 01:18:29 [INFO] [GT     ] parties
[Beam+LM] postios

2025/06/02 01:18:29 [INFO] [GT     ] of
[Beam+LM] of

2025/06/02 01:18:29 [INFO] [GT     ] 
[Beam+LM] t

2025/06/02 01:18:29 [INFO] [GT     ] .
[Beam+LM] .

2025/06/02 01:18:50 [INFO] Test Loss: 0.4515, Test Accuracy (Exact Match): 60.64%
2025/06/02 01:18:50 [INFO] Saved best model at epoch 7 with loss 0.4515
2025/06/02 01:27:02 [INFO] Epoch 8, Train Loss: 0.2959
2025/06/02 01:27:02 [INFO] [GT     ] a
[Beam+LM] a

2025/06/02 01:27:02 [INFO] [GT     ] ,
[Beam+LM] ,

2025/06/02 01:27:02 [INFO] [GT     ] industry
[Beam+LM] industry

2025/06/02 01:27:02 [INFO] [GT     ] degre
[Beam+LM] dlegee

2025/06/02 01:27:02 [INFO] [GT     ] part
[Beam+LM] part

2025/06/02 01:27:02 [INFO] [GT     ] are
[Beam+LM] are

2025/06/02 01:27:02 [INFO] [GT     ] parties
[Beam+LM] povties

2025/06/02 01:27:02 [INFO] [GT     ] of
[Beam+LM] of

2025/06/02 01:27:02 [INFO] [GT     ] 
[Beam+LM] t

2025/06/02 01:27:02 [INFO] [GT     ] .
[Beam+LM] .

2025/06/02 01:27:22 [INFO] Test Loss: 0.4543, Test Accuracy (Exact Match): 61.24%
2025/06/02 01:33:07 [INFO] Epoch 9, Train Loss: 0.2529
2025/06/02 01:33:07 [INFO] [GT     ] a
[Beam+LM] a

2025/06/02 01:33:07 [INFO] [GT     ] ,
[Beam+LM] ,

2025/06/02 01:33:07 [INFO] [GT     ] industry
[Beam+LM] industry

2025/06/02 01:33:07 [INFO] [GT     ] degre
[Beam+LM] dlegee

2025/06/02 01:33:07 [INFO] [GT     ] part
[Beam+LM] part

2025/06/02 01:33:07 [INFO] [GT     ] are
[Beam+LM] are

2025/06/02 01:33:07 [INFO] [GT     ] parties
[Beam+LM] porties

2025/06/02 01:33:07 [INFO] [GT     ] of
[Beam+LM] of

2025/06/02 01:33:07 [INFO] [GT     ] 
[Beam+LM] tO

2025/06/02 01:33:07 [INFO] [GT     ] .
[Beam+LM] .

2025/06/02 01:33:27 [INFO] Test Loss: 0.4261, Test Accuracy (Exact Match): 62.93%
2025/06/02 01:33:27 [INFO] Saved best model at epoch 9 with loss 0.4261
2025/06/02 01:39:46 [INFO] Epoch 10, Train Loss: 0.2166
2025/06/02 01:39:46 [INFO] [GT     ] a
[Beam+LM] a

2025/06/02 01:39:46 [INFO] [GT     ] ,
[Beam+LM] ,

2025/06/02 01:39:46 [INFO] [GT     ] industry
[Beam+LM] industry

2025/06/02 01:39:46 [INFO] [GT     ] degre
[Beam+LM] dlegee

2025/06/02 01:39:46 [INFO] [GT     ] part
[Beam+LM] part

2025/06/02 01:39:46 [INFO] [GT     ] are
[Beam+LM] are

2025/06/02 01:39:46 [INFO] [GT     ] parties
[Beam+LM] posties

2025/06/02 01:39:46 [INFO] [GT     ] of
[Beam+LM] of

2025/06/02 01:39:46 [INFO] [GT     ] 
[Beam+LM] t

2025/06/02 01:39:46 [INFO] [GT     ] .
[Beam+LM] .

2025/06/02 01:40:05 [INFO] Test Loss: 0.4184, Test Accuracy (Exact Match): 63.56%
2025/06/02 01:40:05 [INFO] Saved best model at epoch 10 with loss 0.4184
2025/06/02 01:45:48 [INFO] Epoch 11, Train Loss: 0.1852
2025/06/02 01:45:48 [INFO] [GT     ] a
[Beam+LM] a

2025/06/02 01:45:48 [INFO] [GT     ] ,
[Beam+LM] ,

2025/06/02 01:45:48 [INFO] [GT     ] industry
[Beam+LM] industry

2025/06/02 01:45:48 [INFO] [GT     ] degre
[Beam+LM] dlegree

2025/06/02 01:45:48 [INFO] [GT     ] part
[Beam+LM] part

2025/06/02 01:45:48 [INFO] [GT     ] are
[Beam+LM] are

2025/06/02 01:45:48 [INFO] [GT     ] parties
[Beam+LM] prties

2025/06/02 01:45:48 [INFO] [GT     ] of
[Beam+LM] of

2025/06/02 01:45:48 [INFO] [GT     ] 
[Beam+LM] t

2025/06/02 01:45:48 [INFO] [GT     ] .
[Beam+LM] .

2025/06/02 01:46:07 [INFO] Test Loss: 0.3994, Test Accuracy (Exact Match): 65.78%
2025/06/02 01:46:08 [INFO] Saved best model at epoch 11 with loss 0.3994
2025/06/02 01:52:35 [INFO] Epoch 12, Train Loss: 0.1606
2025/06/02 01:52:35 [INFO] [GT     ] a
[Beam+LM] a

2025/06/02 01:52:35 [INFO] [GT     ] ,
[Beam+LM] ,

2025/06/02 01:52:35 [INFO] [GT     ] industry
[Beam+LM] industry

2025/06/02 01:52:35 [INFO] [GT     ] degre
[Beam+LM] degnee

2025/06/02 01:52:35 [INFO] [GT     ] part
[Beam+LM] part

2025/06/02 01:52:35 [INFO] [GT     ] are
[Beam+LM] are

2025/06/02 01:52:35 [INFO] [GT     ] parties
[Beam+LM] porties

2025/06/02 01:52:35 [INFO] [GT     ] of
[Beam+LM] of

2025/06/02 01:52:35 [INFO] [GT     ] 
[Beam+LM] to

2025/06/02 01:52:35 [INFO] [GT     ] .
[Beam+LM] .

2025/06/02 01:52:54 [INFO] Test Loss: 0.4153, Test Accuracy (Exact Match): 64.58%
2025/06/02 01:58:42 [INFO] Epoch 13, Train Loss: 0.1371
2025/06/02 01:58:42 [INFO] [GT     ] a
[Beam+LM] a

2025/06/02 01:58:42 [INFO] [GT     ] ,
[Beam+LM] ,

2025/06/02 01:58:42 [INFO] [GT     ] industry
[Beam+LM] industry

2025/06/02 01:58:42 [INFO] [GT     ] degre
[Beam+LM] dlegree

2025/06/02 01:58:42 [INFO] [GT     ] part
[Beam+LM] part

2025/06/02 01:58:42 [INFO] [GT     ] are
[Beam+LM] are

2025/06/02 01:58:42 [INFO] [GT     ] parties
[Beam+LM] porties

2025/06/02 01:58:42 [INFO] [GT     ] of
[Beam+LM] of

2025/06/02 01:58:42 [INFO] [GT     ] 
[Beam+LM] Ho

2025/06/02 01:58:42 [INFO] [GT     ] .
[Beam+LM] .

2025/06/02 01:59:02 [INFO] Test Loss: 0.3832, Test Accuracy (Exact Match): 65.94%
2025/06/02 01:59:02 [INFO] Saved best model at epoch 13 with loss 0.3832
2025/06/02 02:05:03 [INFO] Epoch 14, Train Loss: 0.1188
2025/06/02 02:05:03 [INFO] [GT     ] a
[Beam+LM] a

2025/06/02 02:05:03 [INFO] [GT     ] ,
[Beam+LM] ,

2025/06/02 02:05:03 [INFO] [GT     ] industry
[Beam+LM] industry

2025/06/02 02:05:03 [INFO] [GT     ] degre
[Beam+LM] degee

2025/06/02 02:05:03 [INFO] [GT     ] part
[Beam+LM] part

2025/06/02 02:05:03 [INFO] [GT     ] are
[Beam+LM] are

2025/06/02 02:05:03 [INFO] [GT     ] parties
[Beam+LM] posties

2025/06/02 02:05:03 [INFO] [GT     ] of
[Beam+LM] of

2025/06/02 02:05:03 [INFO] [GT     ] 
[Beam+LM] to

2025/06/02 02:05:03 [INFO] [GT     ] .
[Beam+LM] .

2025/06/02 02:05:36 [INFO] Test Loss: 0.3998, Test Accuracy (Exact Match): 65.81%
2025/06/02 02:12:39 [INFO] Epoch 15, Train Loss: 0.1023
2025/06/02 02:12:39 [INFO] [GT     ] a
[Beam+LM] a

2025/06/02 02:12:39 [INFO] [GT     ] ,
[Beam+LM] ,

2025/06/02 02:12:39 [INFO] [GT     ] industry
[Beam+LM] industry

2025/06/02 02:12:39 [INFO] [GT     ] degre
[Beam+LM] degree

2025/06/02 02:12:39 [INFO] [GT     ] part
[Beam+LM] part

2025/06/02 02:12:39 [INFO] [GT     ] are
[Beam+LM] are

2025/06/02 02:12:39 [INFO] [GT     ] parties
[Beam+LM] powties

2025/06/02 02:12:39 [INFO] [GT     ] of
[Beam+LM] of

2025/06/02 02:12:39 [INFO] [GT     ] 
[Beam+LM] H

2025/06/02 02:12:39 [INFO] [GT     ] .
[Beam+LM] .

2025/06/02 02:13:06 [INFO] Test Loss: 0.3989, Test Accuracy (Exact Match): 66.33%
2025/06/02 02:19:30 [INFO] Epoch 16, Train Loss: 0.0870
2025/06/02 02:19:30 [INFO] [GT     ] a
[Beam+LM] a

2025/06/02 02:19:30 [INFO] [GT     ] ,
[Beam+LM] ,

2025/06/02 02:19:30 [INFO] [GT     ] industry
[Beam+LM] industry

2025/06/02 02:19:30 [INFO] [GT     ] degre
[Beam+LM] dlegree

2025/06/02 02:19:30 [INFO] [GT     ] part
[Beam+LM] part

2025/06/02 02:19:30 [INFO] [GT     ] are
[Beam+LM] are

2025/06/02 02:19:30 [INFO] [GT     ] parties
[Beam+LM] povties

2025/06/02 02:19:30 [INFO] [GT     ] of
[Beam+LM] of

2025/06/02 02:19:30 [INFO] [GT     ] 
[Beam+LM] Hoo

2025/06/02 02:19:30 [INFO] [GT     ] .
[Beam+LM] .

2025/06/02 02:19:49 [INFO] Test Loss: 0.4068, Test Accuracy (Exact Match): 66.33%
2025/06/02 02:25:35 [INFO] Epoch 17, Train Loss: 0.0802
2025/06/02 02:25:35 [INFO] [GT     ] a
[Beam+LM] a

2025/06/02 02:25:35 [INFO] [GT     ] ,
[Beam+LM] ,

2025/06/02 02:25:35 [INFO] [GT     ] industry
[Beam+LM] industoy

2025/06/02 02:25:35 [INFO] [GT     ] degre
[Beam+LM] degee

2025/06/02 02:25:35 [INFO] [GT     ] part
[Beam+LM] part

2025/06/02 02:25:35 [INFO] [GT     ] are
[Beam+LM] are

2025/06/02 02:25:35 [INFO] [GT     ] parties
[Beam+LM] porties

2025/06/02 02:25:35 [INFO] [GT     ] of
[Beam+LM] of

2025/06/02 02:25:35 [INFO] [GT     ] 
[Beam+LM] H

2025/06/02 02:25:35 [INFO] [GT     ] .
[Beam+LM] .

2025/06/02 02:25:56 [INFO] Test Loss: 0.4310, Test Accuracy (Exact Match): 65.57%
2025/06/02 02:31:40 [INFO] Epoch 18, Train Loss: 0.0750
2025/06/02 02:31:40 [INFO] [GT     ] a
[Beam+LM] a

2025/06/02 02:31:40 [INFO] [GT     ] ,
[Beam+LM] ,

2025/06/02 02:31:40 [INFO] [GT     ] industry
[Beam+LM] industry

2025/06/02 02:31:40 [INFO] [GT     ] degre
[Beam+LM] degree

2025/06/02 02:31:40 [INFO] [GT     ] part
[Beam+LM] part

2025/06/02 02:31:40 [INFO] [GT     ] are
[Beam+LM] are

2025/06/02 02:31:40 [INFO] [GT     ] parties
[Beam+LM] psties

2025/06/02 02:31:40 [INFO] [GT     ] of
[Beam+LM] of

2025/06/02 02:31:40 [INFO] [GT     ] 
[Beam+LM] H

2025/06/02 02:31:40 [INFO] [GT     ] .
[Beam+LM] .

2025/06/02 02:32:00 [INFO] Test Loss: 0.4139, Test Accuracy (Exact Match): 67.24%
2025/06/02 02:37:48 [INFO] Epoch 19, Train Loss: 0.0609
2025/06/02 02:37:48 [INFO] [GT     ] a
[Beam+LM] a

2025/06/02 02:37:48 [INFO] [GT     ] ,
[Beam+LM] ,

2025/06/02 02:37:48 [INFO] [GT     ] industry
[Beam+LM] industry

2025/06/02 02:37:48 [INFO] [GT     ] degre
[Beam+LM] degree

2025/06/02 02:37:48 [INFO] [GT     ] part
[Beam+LM] part

2025/06/02 02:37:48 [INFO] [GT     ] are
[Beam+LM] are

2025/06/02 02:37:48 [INFO] [GT     ] parties
[Beam+LM] posties

2025/06/02 02:37:48 [INFO] [GT     ] of
[Beam+LM] of

2025/06/02 02:37:48 [INFO] [GT     ] 
[Beam+LM] to

2025/06/02 02:37:48 [INFO] [GT     ] .
[Beam+LM] .

2025/06/02 02:38:09 [INFO] Test Loss: 0.4249, Test Accuracy (Exact Match): 65.99%
2025/06/02 02:43:58 [INFO] Epoch 20, Train Loss: 0.0565
2025/06/02 02:43:58 [INFO] [GT     ] a
[Beam+LM] a

2025/06/02 02:43:58 [INFO] [GT     ] ,
[Beam+LM] ,

2025/06/02 02:43:58 [INFO] [GT     ] industry
[Beam+LM] industry

2025/06/02 02:43:58 [INFO] [GT     ] degre
[Beam+LM] degree

2025/06/02 02:43:58 [INFO] [GT     ] part
[Beam+LM] part

2025/06/02 02:43:58 [INFO] [GT     ] are
[Beam+LM] are

2025/06/02 02:43:58 [INFO] [GT     ] parties
[Beam+LM] poties

2025/06/02 02:43:58 [INFO] [GT     ] of
[Beam+LM] of

2025/06/02 02:43:58 [INFO] [GT     ] 
[Beam+LM] H

2025/06/02 02:43:58 [INFO] [GT     ] .
[Beam+LM] .

2025/06/02 02:44:16 [INFO] Test Loss: 0.4307, Test Accuracy (Exact Match): 67.19%
